<?xml version="1.0" encoding="UTF-8"?>
<robot generator="Robot 4.1.1 (Python 3.9.7 on win32)" generated="20211102 00:07:59.602" rpa="false" schemaversion="2">
<suite id="s1" name="Desafio Mobile" source="C:\PRIME-HERO\tests\desafio_mobile.robot">
<test id="s1-t1" name="Caso de Teste 02: Logar no YouTube">
<kw name="Abrir aplicativo" library="mob_resource" type="SETUP">
<kw name="Set Appium Timeout" library="AppiumLibrary">
<arg>60</arg>
<doc>Sets the timeout in seconds used by various keywords.</doc>
<status status="PASS" starttime="20211102 00:07:59.861" endtime="20211102 00:07:59.861"/>
</kw>
<kw name="Open Application" library="AppiumLibrary">
<arg>http://localhost:4723/wd/hub</arg>
<arg>automationName=UiAutomator2</arg>
<arg>platformName=Android</arg>
<arg>platformVersion=11.0</arg>
<arg>deviceName=pixel</arg>
<arg>autoGrantPermissions=true</arg>
<arg>appPackage=com.google.android.youtube</arg>
<arg>appActivity=com.google.android.apps.youtube.app.WatchWhileActivity</arg>
<doc>Opens a new application to given Appium server.
Capabilities of appium server, Android and iOS,
Please check https://github.com/appium/appium/blob/master/docs/en/writing-running-appium/server-args.md
| *Option*            | *Man.* | *Description*     |
| remote_url          | Yes    | Appium server url |
| alias               | no     | alias             |</doc>
<status status="PASS" starttime="20211102 00:07:59.861" endtime="20211102 00:08:19.306"/>
</kw>
<status status="PASS" starttime="20211102 00:07:59.860" endtime="20211102 00:08:19.306"/>
</kw>
<kw name="Dado que o cliente esteja na tela de Home" library="mob_resource">
<kw name="Wait Until Element Is Visible" library="AppiumLibrary">
<arg>id=youtube_logo</arg>
<doc>Waits until element specified with `locator` is visible.</doc>
<status status="PASS" starttime="20211102 00:08:19.308" endtime="20211102 00:08:22.226"/>
</kw>
<kw name="Element Attribute Should Match" library="AppiumLibrary">
<arg>xpath=//android.widget.Button[@content-desc="Home"]/android.widget.ImageView</arg>
<arg>selected</arg>
<arg>True</arg>
<doc>Verify that an attribute of an element matches the expected criteria.</doc>
<msg timestamp="20211102 00:08:22.395" level="INFO">Element 'xpath=//android.widget.Button[@content-desc="Home"]/android.widget.ImageView' attribute 'selected' is 'True' </msg>
<status status="PASS" starttime="20211102 00:08:22.226" endtime="20211102 00:08:22.396"/>
</kw>
<status status="PASS" starttime="20211102 00:08:19.307" endtime="20211102 00:08:22.396"/>
</kw>
<kw name="Entrar no menu “Explorar”" library="mob_resource">
<kw name="Wait Until Element Is Visible" library="AppiumLibrary">
<arg>${CLICK_EXPLORER}</arg>
<arg>20</arg>
<doc>Waits until element specified with `locator` is visible.</doc>
<status status="PASS" starttime="20211102 00:08:22.397" endtime="20211102 00:08:22.442"/>
</kw>
<kw name="Click Element" library="AppiumLibrary">
<arg>${CLICK_EXPLORER}</arg>
<doc>Click element identified by `locator`.</doc>
<msg timestamp="20211102 00:08:22.443" level="INFO">Clicking element 'accessibility_id=Explore'.</msg>
<status status="PASS" starttime="20211102 00:08:22.442" endtime="20211102 00:08:24.278"/>
</kw>
<status status="PASS" starttime="20211102 00:08:22.396" endtime="20211102 00:08:24.278"/>
</kw>
<kw name="Usar swipe de tela até o 10 item da tela" library="mob_resource">
<kw name="Swipe" library="AppiumLibrary">
<arg>461</arg>
<arg>1629</arg>
<arg>549</arg>
<arg>250</arg>
<doc>Swipe from one point to another point, for an optional duration.</doc>
<status status="PASS" starttime="20211102 00:08:24.279" endtime="20211102 00:08:26.019"/>
</kw>
<kw name="Swipe" library="AppiumLibrary">
<arg>457</arg>
<arg>1585</arg>
<arg>575</arg>
<arg>119</arg>
<doc>Swipe from one point to another point, for an optional duration.</doc>
<status status="PASS" starttime="20211102 00:08:26.019" endtime="20211102 00:08:28.679"/>
</kw>
<kw name="Swipe" library="AppiumLibrary">
<arg>360</arg>
<arg>1629</arg>
<arg>500</arg>
<arg>101</arg>
<doc>Swipe from one point to another point, for an optional duration.</doc>
<status status="PASS" starttime="20211102 00:08:28.679" endtime="20211102 00:08:30.717"/>
</kw>
<kw name="Swipe" library="AppiumLibrary">
<arg>228</arg>
<arg>1523</arg>
<arg>505</arg>
<arg>285</arg>
<doc>Swipe from one point to another point, for an optional duration.</doc>
<status status="PASS" starttime="20211102 00:08:30.717" endtime="20211102 00:08:32.529"/>
</kw>
<kw name="Swipe" library="AppiumLibrary">
<arg>462</arg>
<arg>1429</arg>
<arg>512</arg>
<arg>561</arg>
<doc>Swipe from one point to another point, for an optional duration.</doc>
<status status="PASS" starttime="20211102 00:08:32.529" endtime="20211102 00:08:34.432"/>
</kw>
<kw name="Swipe" library="AppiumLibrary">
<arg>499</arg>
<arg>1579</arg>
<arg>450</arg>
<arg>610</arg>
<doc>Swipe from one point to another point, for an optional duration.</doc>
<status status="PASS" starttime="20211102 00:08:34.433" endtime="20211102 00:08:36.169"/>
</kw>
<kw name="Swipe" library="AppiumLibrary">
<arg>574</arg>
<arg>1602</arg>
<arg>579</arg>
<arg>297</arg>
<doc>Swipe from one point to another point, for an optional duration.</doc>
<status status="PASS" starttime="20211102 00:08:36.169" endtime="20211102 00:08:37.946"/>
</kw>
<status status="PASS" starttime="20211102 00:08:24.278" endtime="20211102 00:08:37.946"/>
</kw>
<kw name="Fechar aplicativo" library="mob_resource" type="TEARDOWN">
<kw name="Close Application" library="AppiumLibrary">
<doc>Closes the current application and also close webdriver session.</doc>
<status status="PASS" starttime="20211102 00:08:37.947" endtime="20211102 00:08:39.563"/>
</kw>
<status status="PASS" starttime="20211102 00:08:37.946" endtime="20211102 00:08:39.563"/>
</kw>
<status status="PASS" starttime="20211102 00:07:59.860" endtime="20211102 00:08:39.564"/>
</test>
<doc>Aqui estão presentes os testes mobile do curso Prime Hero.
Para criar verificação de automação mobile</doc>
<status status="PASS" starttime="20211102 00:07:59.604" endtime="20211102 00:08:39.566"/>
</suite>
<statistics>
<total>
<stat pass="1" fail="0" skip="0">All Tests</stat>
</total>
<tag>
</tag>
<suite>
<stat pass="1" fail="0" skip="0" id="s1" name="Desafio Mobile">Desafio Mobile</stat>
</suite>
</statistics>
<errors>
</errors>
</robot>
